Clic sur le bouton Lancer Recherche
Lecture pour le groupe g2202
Lecture pour le groupe g2201
(3957) g2202  (attend 6 secondes)
(3958) g2201  (attend 10 secondes)
---6---
---10---
Clic sur le bouton Lancer Recherche
Lecture pour le groupe g2202
Lecture pour le groupe g2201
(3973) g2202  (attend 6 secondes)
(3974) g2201  (attend 10 secondes)
---6---
---10---
Clic sur le bouton Lancer Recherche
Lecture pour le groupe g2201
Lecture pour le groupe g2202
(3977) g2202  (attend 6 secondes)
(3978) g2201  (attend 10 secondes)
---6---
---10---
Clic sur le bouton Lancer Recherche
Lecture pour le groupe g2202
Lecture pour le groupe g2201
(3985) g2202  (attend 6 secondes)
(3986) g2201  (attend 10 secondes)
---6---
---10---
Clic sur le bouton Lancer Recherche
Lecture pour le groupe g2201
Lecture pour le groupe g2202
(4004) g2201  (attend 10 secondes)
(4003) g2202  (attend 6 secondes)
---6---
---10---
Clic sur le bouton Lancer Recherche
Lecture pour le groupe g2202
Lecture pour le groupe g2201
(4010) g2201  (attend 10 secondes)
(4009) g2202  (attend 6 secondes)
---6---
---10---
------
------
------
------
------
------
------
------
------
------
------
------
------
------
------
------
------
------
------
------
------
------
------
------
Clic sur le bouton Lancer Recherche
Lecture pour le groupe g2202
(4046) g2202  (attend 6 secondes)
---6---
------
------
------
Clic sur le bouton Lancer Recherche
Lecture pour le groupe qsdfqsdf
(4734) qsdfqsdf  (attend 0 secondes)
---0---
Clic sur le bouton Lancer Recherche
Lecture pour le groupe g2202
(4736) g2202  (attend 6 secondes)
---6---
Clic sur le bouton Lancer Recherche
Lecture pour le groupe g2202
(4742) g2202  (attend 6 secondes)
---6---
Clic sur le bouton Lancer Recherche
Lecture pour le groupe g2201
Lecture pour le groupe g2202
Lecture pour le groupe g2203
(9920) g2201  (attend 10 secondes)
(9922) g2203  (attend 8 secondes)
(9921) g2202  (attend 6 secondes)
---6---
---8---
---10---
------
------
------
